pressing meta+f5 in minimal debug to toggle $L      'Iiyama North America PL2590HS 1219241201616'

tail -f ~/sway_debug.log
00:00:19.884 [DEBUG] [sway/desktop/transaction.c:717] Applying transaction 0x561da2d18c20
00:00:19.884 [DEBUG] [sway/input/seat.c:694] Applying input mapping to 18193:2070:dotool_relative_pointer
00:00:19.884 [DEBUG] [sway/input/seat.c:694] Applying input mapping to 18193:2071:dotool_absolute_pointer
00:00:19.884 [DEBUG] [sway/input/seat.c:694] Applying input mapping to 1189:32772:BenQ_ZOWIE_BenQ_ZOWIE_Gaming_Mouse
00:00:19.884 [DEBUG] [sway/input/seat.c:694] Applying input mapping to 6790:57360:TEsmart_HDK0404A1U
00:00:19.884 [DEBUG] [sway/input/seat.c:694] Applying input mapping to 1356:2508:Sony_Interactive_Entertainment_Wireless_Controller_Touchpad
00:00:19.884 [DEBUG] [sway/input/seat.c:694] Applying input mapping to 0:0:DP-4
00:00:19.884 [DEBUG] [sway/input/seat.c:694] Applying input mapping to 0:0:DP-3
00:00:19.884 [DEBUG] [sway/input/seat.c:694] Applying input mapping to 0:0:DP-2
00:00:19.884 [DEBUG] [sway/input/seat.c:694] Applying input mapping to 0:0:DP-1
00:00:36.024 [DEBUG] [sway/commands/bind.c:617] running command for binding: output 'Iiyama North America PL2590HS 1219241201616' power toggle
00:00:36.024 [INFO] [sway/commands.c:261] Handling command 'output 'Iiyama North America PL2590HS 1219241201616' power toggle'
00:00:36.024 [DEBUG] [sway/commands.c:436] Subcommand: power toggle
00:00:36.024 [DEBUG] [sway/config/output.c:279] Config stored for output Iiyama North America PL2590HS 1219241201616 (enabled: -1) (-1x-1@-1.000000Hz position 2147483647,2147483647 scale -1.000000 subpixel unknown transform -1) (bg (null) (null)) (power 1) (max render time: -1) (allow tearing: -1) (hdr: -1)
00:00:36.034 [DEBUG] [sway/config/output.c:1006] Committing 6 outputs
00:00:36.034 [DEBUG] [sway/config/output.c:376] Disabling HDR on output DP-5
00:00:36.034 [DEBUG] [sway/config/output.c:767] Output state for DP-5
00:00:36.034 [DEBUG] [sway/config/output.c:769]     enabled:       yes
00:00:36.034 [DEBUG] [sway/config/output.c:773]     render_format: XR24
00:00:36.034 [DEBUG] [sway/config/output.c:781]     mode:          1920x1080@60000mHz (preferred)
00:00:36.034 [DEBUG] [sway/config/output.c:791]     scale:         1.000000
00:00:36.034 [DEBUG] [sway/config/output.c:794]     subpixel:      unknown
00:00:36.034 [DEBUG] [sway/config/output.c:376] Disabling HDR on output HDMI-A-1
00:00:36.034 [DEBUG] [sway/config/output.c:767] Output state for HDMI-A-1
00:00:36.034 [DEBUG] [sway/config/output.c:769]     enabled:       yes
00:00:36.034 [DEBUG] [sway/config/output.c:773]     render_format: XR24
00:00:36.034 [DEBUG] [sway/config/output.c:781]     mode:          1920x1080@60000mHz (preferred)
00:00:36.034 [DEBUG] [sway/config/output.c:787]     adaptive_sync: disabled
00:00:36.034 [DEBUG] [sway/config/output.c:791]     scale:         1.000000
00:00:36.034 [DEBUG] [sway/config/output.c:794]     subpixel:      unknown
00:00:36.034 [DEBUG] [sway/config/output.c:376] Disabling HDR on output DP-4
00:00:36.034 [DEBUG] [sway/config/output.c:767] Output state for DP-4
00:00:36.034 [DEBUG] [sway/config/output.c:769]     enabled:       yes
00:00:36.034 [DEBUG] [sway/config/output.c:773]     render_format: XR24
00:00:36.034 [DEBUG] [sway/config/output.c:781]     mode:          1920x1080@60000mHz (preferred)
00:00:36.034 [DEBUG] [sway/config/output.c:787]     adaptive_sync: disabled
00:00:36.034 [DEBUG] [sway/config/output.c:791]     scale:         1.000000
00:00:36.034 [DEBUG] [sway/config/output.c:794]     subpixel:      unknown
00:00:36.035 [DEBUG] [sway/config/output.c:376] Disabling HDR on output DP-3
00:00:36.035 [DEBUG] [sway/config/output.c:767] Output state for DP-3
00:00:36.035 [DEBUG] [sway/config/output.c:769]     enabled:       yes
00:00:36.035 [DEBUG] [sway/config/output.c:773]     render_format: XR24
00:00:36.035 [DEBUG] [sway/config/output.c:781]     mode:          1920x1080@60000mHz (preferred)
00:00:36.035 [DEBUG] [sway/config/output.c:787]     adaptive_sync: disabled
00:00:36.035 [DEBUG] [sway/config/output.c:791]     scale:         1.000000
00:00:36.035 [DEBUG] [sway/config/output.c:794]     subpixel:      unknown
00:00:36.035 [DEBUG] [sway/config/output.c:767] Output state for DP-2
00:00:36.035 [DEBUG] [sway/config/output.c:769]     enabled:       yes
00:00:36.035 [DEBUG] [sway/config/output.c:773]     render_format: XR24
00:00:36.035 [DEBUG] [sway/config/output.c:781]     mode:          1920x1080@60000mHz (preferred)
00:00:36.035 [DEBUG] [sway/config/output.c:787]     adaptive_sync: disabled
00:00:36.035 [DEBUG] [sway/config/output.c:791]     scale:         1.000000
00:00:36.035 [DEBUG] [sway/config/output.c:794]     subpixel:      unknown
00:00:36.035 [DEBUG] [sway/config/output.c:767] Output state for DP-1
00:00:36.035 [DEBUG] [sway/config/output.c:769]     enabled:       yes
00:00:36.035 [DEBUG] [sway/config/output.c:773]     render_format: XR24
00:00:36.035 [DEBUG] [sway/config/output.c:781]     mode:          1920x1080@60000mHz (preferred)
00:00:36.035 [DEBUG] [sway/config/output.c:787]     adaptive_sync: disabled
00:00:36.035 [DEBUG] [sway/config/output.c:791]     scale:         1.000000
00:00:36.035 [DEBUG] [sway/config/output.c:794]     subpixel:      unknown
00:00:36.035 [DEBUG] [wlr] [types/wlr_output_swapchain_manager.c:160] Preparing test commit for 6 outputs with explicit modifiers
00:00:36.035 [DEBUG] [wlr] [render/swapchain.c:103] Allocating new swapchain buffer
00:00:36.035 [DEBUG] [wlr] [render/allocator/gbm.c:118] Allocated 1920x1080 GBM buffer with format XR24 (0x34325258), modifier GFX11,64KB_R_X,PIPE_XOR_BITS=3,PACKERS=3,DCC,DCC_MAX_COMPRESSED_BLOCK=128B,DCC_INDEPENDENT_128B,DCC_RETILE (0x0200000018667B04)
00:00:36.043 [DEBUG] [wlr] [types/wlr_output_swapchain_manager.c:181] Test commit for 6 outputs succeeded
00:00:36.044 [DEBUG] [wlr] [render/vulkan/renderer.c:919] vulkan create_render_buffer: XR24, 1920x1080
00:00:37.228 [DEBUG] [wlr] [render/swapchain.c:103] Allocating new swapchain buffer
00:00:37.228 [DEBUG] [wlr] [render/allocator/gbm.c:118] Allocated 64x64 GBM buffer with format AR24 (0x34325241), modifier LINEAR (0x0000000000000000)
00:00:37.228 [DEBUG] [wlr] [render/vulkan/renderer.c:919] vulkan create_render_buffer: AR24, 64x64
00:00:37.228 [DEBUG] [wlr] [render/swapchain.c:103] Allocating new swapchain buffer
00:00:37.228 [DEBUG] [wlr] [render/allocator/gbm.c:118] Allocated 64x64 GBM buffer with format AR24 (0x34325241), modifier LINEAR (0x0000000000000000)
00:00:37.228 [DEBUG] [wlr] [render/vulkan/renderer.c:919] vulkan create_render_buffer: AR24, 64x64
00:00:37.229 [DEBUG] [sway/config/output.c:1070] Commit of 6 outputs succeeded
00:00:37.229 [DEBUG] [sway/config/output.c:1078] Finalizing config for DP-5
00:00:37.229 [DEBUG] [sway/config/output.c:1078] Finalizing config for HDMI-A-1
00:00:37.229 [DEBUG] [sway/config/output.c:1078] Finalizing config for DP-4
00:00:37.229 [DEBUG] [sway/config/output.c:1078] Finalizing config for DP-3
00:00:37.229 [DEBUG] [sway/config/output.c:1078] Finalizing config for DP-2
00:00:37.229 [DEBUG] [sway/config/output.c:1078] Finalizing config for DP-1
00:00:37.229 [DEBUG] [sway/tree/arrange.c:274] Usable area for ws: 1080x1920@0,0
00:00:37.229 [DEBUG] [sway/tree/arrange.c:308] Arranging workspace '1' at 0.000000, 0.000000
00:00:37.229 [DEBUG] [sway/tree/arrange.c:274] Usable area for ws: 1080x1920@0,0
00:00:37.229 [DEBUG] [sway/tree/arrange.c:308] Arranging workspace '2' at 1080.000000, 0.000000
00:00:37.229 [DEBUG] [sway/tree/arrange.c:274] Usable area for ws: 1920x1080@0,0
00:00:37.229 [DEBUG] [sway/tree/arrange.c:308] Arranging workspace '3' at 2160.000000, 0.000000
00:00:37.229 [DEBUG] [sway/tree/arrange.c:76] Arranging 0x7fffe9641be0 horizontally
00:00:37.229 [DEBUG] [sway/tree/arrange.c:274] Usable area for ws: 1080x1920@0,0
00:00:37.229 [DEBUG] [sway/tree/arrange.c:308] Arranging workspace '4' at 4080.000000, 0.000000
00:00:37.229 [DEBUG] [sway/tree/arrange.c:274] Usable area for ws: 1080x1920@0,0
00:00:37.229 [DEBUG] [sway/tree/arrange.c:308] Arranging workspace '5' at 5160.000000, 0.000000
00:00:37.229 [DEBUG] [sway/tree/arrange.c:274] Usable area for ws: 1920x1080@0,0
00:00:37.229 [DEBUG] [sway/tree/arrange.c:308] Arranging workspace '6' at 6240.000000, 0.000000
00:00:37.229 [DEBUG] [sway/desktop/transaction.c:821] Transaction 0x561da2d62650 committing with 7 instructions
00:00:37.229 [DEBUG] [sway/desktop/transaction.c:717] Applying transaction 0x561da2d62650
00:00:37.229 [DEBUG] [sway/input/seat.c:694] Applying input mapping to 18193:2070:dotool_relative_pointer
00:00:37.229 [DEBUG] [sway/input/seat.c:694] Applying input mapping to 18193:2071:dotool_absolute_pointer
00:00:37.229 [DEBUG] [sway/input/seat.c:694] Applying input mapping to 1189:32772:BenQ_ZOWIE_BenQ_ZOWIE_Gaming_Mouse
00:00:37.229 [DEBUG] [sway/input/seat.c:694] Applying input mapping to 6790:57360:TEsmart_HDK0404A1U
00:00:37.229 [DEBUG] [sway/input/seat.c:694] Applying input mapping to 1356:2508:Sony_Interactive_Entertainment_Wireless_Controller_Touchpad
00:00:37.229 [DEBUG] [sway/input/seat.c:694] Applying input mapping to 0:0:DP-4
00:00:37.229 [DEBUG] [sway/input/seat.c:694] Applying input mapping to 0:0:DP-3
00:00:37.229 [DEBUG] [sway/input/seat.c:694] Applying input mapping to 0:0:DP-2
00:00:37.229 [DEBUG] [sway/input/seat.c:694] Applying input mapping to 0:0:DP-1
00:00:37.229 [DEBUG] [sway/commands/bind.c:617] running command for binding: output 'Iiyama North America PL2590HS 1219241201616' power toggle
00:00:37.229 [INFO] [sway/commands.c:261] Handling command 'output 'Iiyama North America PL2590HS 1219241201616' power toggle'
00:00:37.229 [DEBUG] [sway/commands.c:436] Subcommand: power toggle
00:00:37.229 [DEBUG] [sway/config/output.c:279] Config stored for output Iiyama North America PL2590HS 1219241201616 (enabled: -1) (-1x-1@-1.000000Hz position 2147483647,2147483647 scale -1.000000 subpixel unknown transform -1) (bg (null) (null)) (power 0) (max render time: -1) (allow tearing: -1) (hdr: -1)
00:00:37.229 [DEBUG] [wlr] [render/swapchain.c:103] Allocating new swapchain buffer
00:00:37.229 [DEBUG] [wlr] [render/allocator/gbm.c:118] Allocated 1920x1080 GBM buffer with format XR24 (0x34325258), modifier GFX11,64KB_R_X,PIPE_XOR_BITS=3,PACKERS=3,DCC,DCC_MAX_COMPRESSED_BLOCK=128B,DCC_INDEPENDENT_128B,DCC_RETILE (0x0200000018667B04)
00:00:37.229 [DEBUG] [wlr] [render/vulkan/renderer.c:919] vulkan create_render_buffer: XR24, 1920x1080
00:00:37.239 [DEBUG] [sway/config/output.c:1006] Committing 6 outputs
00:00:37.239 [DEBUG] [sway/config/output.c:376] Disabling HDR on output DP-5
00:00:37.239 [DEBUG] [sway/config/output.c:767] Output state for DP-5
00:00:37.239 [DEBUG] [sway/config/output.c:769]     enabled:       yes
00:00:37.239 [DEBUG] [sway/config/output.c:773]     render_format: XR24
00:00:37.239 [DEBUG] [sway/config/output.c:781]     mode:          1920x1080@60000mHz (preferred)
00:00:37.239 [DEBUG] [sway/config/output.c:791]     scale:         1.000000
00:00:37.239 [DEBUG] [sway/config/output.c:794]     subpixel:      unknown
00:00:37.239 [DEBUG] [sway/config/output.c:376] Disabling HDR on output HDMI-A-1
00:00:37.239 [DEBUG] [sway/config/output.c:767] Output state for HDMI-A-1
00:00:37.239 [DEBUG] [sway/config/output.c:769]     enabled:       yes
00:00:37.239 [DEBUG] [sway/config/output.c:773]     render_format: XR24
00:00:37.239 [DEBUG] [sway/config/output.c:781]     mode:          1920x1080@60000mHz (preferred)
00:00:37.239 [DEBUG] [sway/config/output.c:787]     adaptive_sync: disabled
00:00:37.239 [DEBUG] [sway/config/output.c:791]     scale:         1.000000
00:00:37.239 [DEBUG] [sway/config/output.c:794]     subpixel:      unknown
00:00:37.239 [DEBUG] [sway/config/output.c:376] Disabling HDR on output DP-4
00:00:37.239 [DEBUG] [sway/config/output.c:767] Output state for DP-4
00:00:37.239 [DEBUG] [sway/config/output.c:769]     enabled:       yes
00:00:37.239 [DEBUG] [sway/config/output.c:773]     render_format: XR24
00:00:37.239 [DEBUG] [sway/config/output.c:781]     mode:          1920x1080@60000mHz (preferred)
00:00:37.239 [DEBUG] [sway/config/output.c:787]     adaptive_sync: disabled
00:00:37.239 [DEBUG] [sway/config/output.c:791]     scale:         1.000000
00:00:37.239 [DEBUG] [sway/config/output.c:794]     subpixel:      unknown
00:00:37.239 [DEBUG] [sway/config/output.c:767] Output state for DP-2
00:00:37.239 [DEBUG] [sway/config/output.c:769]     enabled:       yes
00:00:37.239 [DEBUG] [sway/config/output.c:773]     render_format: XR24
00:00:37.239 [DEBUG] [sway/config/output.c:781]     mode:          1920x1080@60000mHz (preferred)
00:00:37.239 [DEBUG] [sway/config/output.c:787]     adaptive_sync: disabled
00:00:37.239 [DEBUG] [sway/config/output.c:791]     scale:         1.000000
00:00:37.239 [DEBUG] [sway/config/output.c:794]     subpixel:      unknown
00:00:37.239 [DEBUG] [sway/config/output.c:767] Output state for DP-1
00:00:37.239 [DEBUG] [sway/config/output.c:769]     enabled:       yes
00:00:37.239 [DEBUG] [sway/config/output.c:773]     render_format: XR24
00:00:37.239 [DEBUG] [sway/config/output.c:781]     mode:          1920x1080@60000mHz (preferred)
00:00:37.239 [DEBUG] [sway/config/output.c:787]     adaptive_sync: disabled
00:00:37.239 [DEBUG] [sway/config/output.c:791]     scale:         1.000000
00:00:37.239 [DEBUG] [sway/config/output.c:794]     subpixel:      unknown
00:00:37.239 [DEBUG] [sway/config/output.c:767] Output state for DP-3
00:00:37.239 [DEBUG] [sway/config/output.c:769]     enabled:       no
00:00:37.239 [DEBUG] [wlr] [types/wlr_output_swapchain_manager.c:160] Preparing test commit for 6 outputs with explicit modifiers
00:00:37.243 [DEBUG] [wlr] [types/wlr_output_swapchain_manager.c:181] Test commit for 6 outputs succeeded
00:00:37.411 [DEBUG] [wlr] [backend/drm/drm.c:1387] Reallocating CRTCs
00:00:37.411 [DEBUG] [wlr] [backend/drm/drm.c:1450]   Connector DP-1 (connected, needs CRTC): CRTC 80 (no change)
00:00:37.411 [DEBUG] [wlr] [backend/drm/drm.c:1450]   Connector DP-2 (connected, needs CRTC): CRTC 84 (no change)
00:00:37.411 [DEBUG] [wlr] [backend/drm/drm.c:1450]   Connector DP-3 (connected, needs CRTC): no CRTC → CRTC 88
00:00:37.411 [DEBUG] [wlr] [backend/drm/drm.c:1450]   Connector DP-4 (connected, needs CRTC): CRTC 92 (no change)
00:00:37.411 [DEBUG] [wlr] [render/swapchain.c:103] Allocating new swapchain buffer
00:00:37.411 [DEBUG] [wlr] [render/allocator/gbm.c:118] Allocated 64x64 GBM buffer with format AR24 (0x34325241), modifier LINEAR (0x0000000000000000)
00:00:37.411 [DEBUG] [wlr] [render/vulkan/renderer.c:919] vulkan create_render_buffer: AR24, 64x64
00:00:37.415 [DEBUG] [wlr] [render/swapchain.c:103] Allocating new swapchain buffer
00:00:37.415 [DEBUG] [wlr] [render/allocator/gbm.c:118] Allocated 64x64 GBM buffer with format AR24 (0x34325241), modifier LINEAR (0x0000000000000000)
00:00:37.416 [DEBUG] [wlr] [render/vulkan/renderer.c:919] vulkan create_render_buffer: AR24, 64x64
00:00:37.417 [DEBUG] [sway/config/output.c:1070] Commit of 6 outputs succeeded
00:00:37.417 [DEBUG] [sway/config/output.c:1078] Finalizing config for DP-5
00:00:37.417 [DEBUG] [sway/config/output.c:1078] Finalizing config for HDMI-A-1
00:00:37.417 [DEBUG] [sway/config/output.c:1078] Finalizing config for DP-4
00:00:37.417 [DEBUG] [sway/config/output.c:1078] Finalizing config for DP-2
00:00:37.417 [DEBUG] [sway/config/output.c:1078] Finalizing config for DP-1
00:00:37.417 [DEBUG] [sway/config/output.c:1078] Finalizing config for DP-3
00:00:37.417 [DEBUG] [sway/tree/arrange.c:274] Usable area for ws: 1080x1920@0,0
00:00:37.417 [DEBUG] [sway/tree/arrange.c:308] Arranging workspace '1' at 0.000000, 0.000000
00:00:37.417 [DEBUG] [sway/tree/arrange.c:274] Usable area for ws: 1080x1920@0,0
00:00:37.417 [DEBUG] [sway/tree/arrange.c:308] Arranging workspace '2' at 1080.000000, 0.000000
00:00:37.417 [DEBUG] [sway/tree/arrange.c:274] Usable area for ws: 1920x1080@0,0
00:00:37.417 [DEBUG] [sway/tree/arrange.c:308] Arranging workspace '3' at 2160.000000, 0.000000
00:00:37.417 [DEBUG] [sway/tree/arrange.c:76] Arranging 0x7fffe9641be0 horizontally
00:00:37.417 [DEBUG] [sway/tree/arrange.c:274] Usable area for ws: 1080x1920@0,0
00:00:37.417 [DEBUG] [sway/tree/arrange.c:308] Arranging workspace '5' at 5160.000000, 0.000000
00:00:37.417 [DEBUG] [sway/tree/arrange.c:274] Usable area for ws: 1920x1080@0,0
00:00:37.417 [DEBUG] [sway/tree/arrange.c:308] Arranging workspace '6' at 6240.000000, 0.000000
00:00:37.417 [DEBUG] [sway/desktop/transaction.c:821] Transaction 0x561da2d3ffd0 committing with 6 instructions
00:00:37.417 [DEBUG] [sway/desktop/transaction.c:717] Applying transaction 0x561da2d3ffd0
00:00:37.417 [DEBUG] [sway/input/seat.c:694] Applying input mapping to 18193:2070:dotool_relative_pointer
00:00:37.417 [DEBUG] [sway/input/seat.c:694] Applying input mapping to 18193:2071:dotool_absolute_pointer
00:00:37.417 [DEBUG] [sway/input/seat.c:694] Applying input mapping to 1189:32772:BenQ_ZOWIE_BenQ_ZOWIE_Gaming_Mouse
00:00:37.417 [DEBUG] [sway/input/seat.c:694] Applying input mapping to 6790:57360:TEsmart_HDK0404A1U
00:00:37.417 [DEBUG] [sway/input/seat.c:694] Applying input mapping to 1356:2508:Sony_Interactive_Entertainment_Wireless_Controller_Touchpad
00:00:37.417 [DEBUG] [sway/input/seat.c:694] Applying input mapping to 0:0:DP-4
00:00:37.417 [DEBUG] [sway/input/seat.c:694] Applying input mapping to 0:0:DP-3
00:00:37.417 [DEBUG] [sway/input/seat.c:694] Applying input mapping to 0:0:DP-2
00:00:37.417 [DEBUG] [sway/input/seat.c:694] Applying input mapping to 0:0:DP-1