
Welcome to OpenTaiko! Starting log...
Version: 0.6.0.54

2025/04/23 17:25:19.687 [INFO] ----------------------
2025/04/23 17:25:19.700 [INFO] ■ Application Info:
2025/04/23 17:25:19.700 [INFO] OS Version: Unix 6.14.3.1
2025/04/23 17:25:19.700 [INFO] Processors: 16
2025/04/23 17:25:19.700 [INFO] CLR Version: 8.0.14
2025/04/23 17:25:19.700 [INFO] ----------------------
2025/04/23 17:25:19.700 [INFO] No Config.ini file was found. This usually means you've launched the game for the first time. A Config.ini file will be generated after safely closing the game.
2025/04/23 17:25:19.700 [INFO] Thanks for joining us! (≧∇≦)ﾉ
2025/04/23 17:25:19.700 [INFO] Vulkan was selected as the recommended Graphics Device for your OS.
2025/04/23 17:25:19.701 [INFO] Bass was selected as the recommended Sound Device for your OS.
2025/04/23 17:25:19.701 [INFO] Initializing skin...
2025/04/23 17:25:19.715 [INFO]     SkinPath検出: /home/blu/Downloads/OpenTaiko-Hub/OpenTaiko/System/Open-World Memories/
2025/04/23 17:25:19.715 [INFO]     SkinPath入力: 
2025/04/23 17:25:19.717 [INFO]     SkinPath設定: /home/blu/Downloads/OpenTaiko-Hub/OpenTaiko/System/Open-World Memories/
2025/04/23 17:25:19.718 [INFO]     システムサウンドを読み込みました。(Sounds/Cancel.ogg)
2025/04/23 17:25:19.718 [WARNING]     ファイルが存在しません。: Sounds/Audience.ogg
2025/04/23 17:25:19.718 [INFO]     システムサウンドを読み込みました。(Sounds/Audience.ogg)
2025/04/23 17:25:19.718 [WARNING]     ファイルが存在しません。: Sounds/Full combo.ogg
2025/04/23 17:25:19.718 [INFO]     システムサウンドを読み込みました。(Sounds/Full combo.ogg)
2025/04/23 17:25:19.718 [WARNING]     ファイルが存在しません。: Sounds/BGM/Title.ogg
2025/04/23 17:25:19.718 [INFO]     システムサウンドを読み込みました。(Sounds/BGM/Title.ogg)
2025/04/23 17:25:19.718 [INFO]     システムサウンドを読み込みました。(Sounds/BGM/SongSelect.ogg)
2025/04/23 17:25:19.718 [WARNING]     ファイルが存在しません。: Sounds/balloon.ogg
2025/04/23 17:25:19.718 [INFO]     システムサウンドを読み込みました。(Sounds/balloon.ogg)
2025/04/23 17:25:19.718 [INFO]     システムサウンドを読み込みました。(Sounds/SongDecide.ogg)
2025/04/23 17:25:19.718 [WARNING]     ファイルが存在しません。: Sounds/BGM/Result_In.ogg
2025/04/23 17:25:19.718 [INFO]     システムサウンドを読み込みました。(Sounds/BGM/Result_In.ogg)
2025/04/23 17:25:19.828 [ERROR]     System.IndexOutOfRangeException: Index was outside the bounds of the array.
   at OpenTaiko.CSkin.t文字列から読み込み(String strAllSettings) in D:\a\OpenTaiko\OpenTaiko\OpenTaiko\src\Common\CSkin.cs:line 932
2025/04/23 17:25:19.828 [ERROR]     例外が発生しましたが処理を継続します。 (6a32cc37-1527-412e-968a-512c1f0135cd)
2025/04/23 17:25:19.829 [ERROR]     System.IndexOutOfRangeException: Index was outside the bounds of the array.
   at OpenTaiko.CSkin.t文字列から読み込み(String strAllSettings) in D:\a\OpenTaiko\OpenTaiko\OpenTaiko\src\Common\CSkin.cs:line 932
2025/04/23 17:25:19.829 [ERROR]     例外が発生しましたが処理を継続します。 (6a32cc37-1527-412e-968a-512c1f0135cd)
2025/04/23 17:25:19.832 [ERROR]     System.IndexOutOfRangeException: Index was outside the bounds of the array.
   at OpenTaiko.CSkin.t文字列から読み込み(String strAllSettings) in D:\a\OpenTaiko\OpenTaiko\OpenTaiko\src\Common\CSkin.cs:line 932
2025/04/23 17:25:19.832 [ERROR]     例外が発生しましたが処理を継続します。 (6a32cc37-1527-412e-968a-512c1f0135cd)
2025/04/23 17:25:19.832 [ERROR]     System.IndexOutOfRangeException: Index was outside the bounds of the array.
   at OpenTaiko.CSkin.t文字列から読み込み(String strAllSettings) in D:\a\OpenTaiko\OpenTaiko\OpenTaiko\src\Common\CSkin.cs:line 932
2025/04/23 17:25:19.832 [ERROR]     例外が発生しましたが処理を継続します。 (6a32cc37-1527-412e-968a-512c1f0135cd)
2025/04/23 17:25:19.832 [ERROR]     System.IndexOutOfRangeException: Index was outside the bounds of the array.
   at OpenTaiko.CSkin.t文字列から読み込み(String strAllSettings) in D:\a\OpenTaiko\OpenTaiko\OpenTaiko\src\Common\CSkin.cs:line 932
2025/04/23 17:25:19.832 [ERROR]     例外が発生しましたが処理を継続します。 (6a32cc37-1527-412e-968a-512c1f0135cd)
2025/04/23 17:25:19.832 [ERROR]     System.IndexOutOfRangeException: Index was outside the bounds of the array.
   at OpenTaiko.CSkin.t文字列から読み込み(String strAllSettings) in D:\a\OpenTaiko\OpenTaiko\OpenTaiko\src\Common\CSkin.cs:line 932
2025/04/23 17:25:19.832 [ERROR]     例外が発生しましたが処理を継続します。 (6a32cc37-1527-412e-968a-512c1f0135cd)
2025/04/23 17:25:19.832 [ERROR]     System.IndexOutOfRangeException: Index was outside the bounds of the array.
   at OpenTaiko.CSkin.t文字列から読み込み(String strAllSettings) in D:\a\OpenTaiko\OpenTaiko\OpenTaiko\src\Common\CSkin.cs:line 932
2025/04/23 17:25:19.832 [ERROR]     例外が発生しましたが処理を継続します。 (6a32cc37-1527-412e-968a-512c1f0135cd)
2025/04/23 17:25:19.832 [ERROR]     System.IndexOutOfRangeException: Index was outside the bounds of the array.
   at OpenTaiko.CSkin.t文字列から読み込み(String strAllSettings) in D:\a\OpenTaiko\OpenTaiko\OpenTaiko\src\Common\CSkin.cs:line 932
2025/04/23 17:25:19.832 [ERROR]     例外が発生しましたが処理を継続します。 (6a32cc37-1527-412e-968a-512c1f0135cd)
2025/04/23 17:25:19.832 [ERROR]     System.IndexOutOfRangeException: Index was outside the bounds of the array.
   at OpenTaiko.CSkin.t文字列から読み込み(String strAllSettings) in D:\a\OpenTaiko\OpenTaiko\OpenTaiko\src\Common\CSkin.cs:line 932
2025/04/23 17:25:19.832 [ERROR]     例外が発生しましたが処理を継続します。 (6a32cc37-1527-412e-968a-512c1f0135cd)
2025/04/23 17:25:19.832 [ERROR]     System.IndexOutOfRangeException: Index was outside the bounds of the array.
   at OpenTaiko.CSkin.t文字列から読み込み(String strAllSettings) in D:\a\OpenTaiko\OpenTaiko\OpenTaiko\src\Common\CSkin.cs:line 932
2025/04/23 17:25:19.832 [ERROR]     例外が発生しましたが処理を継続します。 (6a32cc37-1527-412e-968a-512c1f0135cd)
2025/04/23 17:25:19.832 [ERROR]     System.IndexOutOfRangeException: Index was outside the bounds of the array.
   at OpenTaiko.CSkin.t文字列から読み込み(String strAllSettings) in D:\a\OpenTaiko\OpenTaiko\OpenTaiko\src\Common\CSkin.cs:line 932
2025/04/23 17:25:19.832 [ERROR]     例外が発生しましたが処理を継続します。 (6a32cc37-1527-412e-968a-512c1f0135cd)
2025/04/23 17:25:19.833 [ERROR]     System.IndexOutOfRangeException: Index was outside the bounds of the array.
   at OpenTaiko.CSkin.t文字列から読み込み(String strAllSettings) in D:\a\OpenTaiko\OpenTaiko\OpenTaiko\src\Common\CSkin.cs:line 932
2025/04/23 17:25:19.833 [ERROR]     例外が発生しましたが処理を継続します。 (6a32cc37-1527-412e-968a-512c1f0135cd)
2025/04/23 17:25:19.833 [ERROR]     System.IndexOutOfRangeException: Index was outside the bounds of the array.
   at OpenTaiko.CSkin.t文字列から読み込み(String strAllSettings) in D:\a\OpenTaiko\OpenTaiko\OpenTaiko\src\Common\CSkin.cs:line 932
2025/04/23 17:25:19.833 [ERROR]     例外が発生しましたが処理を継続します。 (6a32cc37-1527-412e-968a-512c1f0135cd)
2025/04/23 17:25:19.833 [ERROR]     System.IndexOutOfRangeException: Index was outside the bounds of the array.
   at OpenTaiko.CSkin.t文字列から読み込み(String strAllSettings) in D:\a\OpenTaiko\OpenTaiko\OpenTaiko\src\Common\CSkin.cs:line 932
2025/04/23 17:25:19.833 [ERROR]     例外が発生しましたが処理を継続します。 (6a32cc37-1527-412e-968a-512c1f0135cd)
2025/04/23 17:25:19.843 [INFO]     Skin successfully initialized.
2025/04/23 17:25:19.843 [INFO] Initializing timer...
2025/04/23 17:25:19.843 [INFO]     Timer successfully initialized.
2025/04/23 17:25:19.843 [INFO] Initializing FPS counter...
2025/04/23 17:25:19.843 [INFO]     FPS counter initialized.
2025/04/23 17:25:19.843 [INFO] Initializing console...
2025/04/23 17:25:19.843 [INFO]     Console initialized.
2025/04/23 17:25:19.851 [INFO]     Console has been activated.
2025/04/23 17:25:19.851 [INFO]     Console has finished being initialized.
2025/04/23 17:25:19.851 [INFO] Initializing DirectInput and MIDI input...
2025/04/23 17:25:19.871 [INFO]     Found 6 Input Devices:
2025/04/23 17:25:19.871 [INFO]     Input Device #0 (Keyboard - Silk.NET Keyboard (via GLFW))
2025/04/23 17:25:19.871 [INFO]     Input Device #1 (Mouse - Silk.NET Mouse (via GLFW))
2025/04/23 17:25:19.871 [INFO]     Input Device #2 (Joystick - Sony Interactive Entertainment Wireless Controller Motion Sensors)
2025/04/23 17:25:19.871 [INFO]     Input Device #3 (Joystick - Sony Interactive Entertainment Wireless Controller Touchpad)
2025/04/23 17:25:19.871 [INFO]     Input Device #4 (Joystick - MSI MYSTIC LIGHT )
2025/04/23 17:25:19.871 [INFO]     Input Device #5 (Gamepad - PS4 Controller)
2025/04/23 17:25:19.881 [INFO]     DirectInput has been initialized.
2025/04/23 17:25:19.881 [INFO] Initialize pad...
2025/04/23 17:25:19.881 [INFO]     Pad has been initialized.
2025/04/23 17:25:19.881 [INFO] Initializing sound device...
2025/04/23 17:25:19.883 [INFO]     Start initialization of BASS
2025/04/23 17:25:19.949 [INFO]     BASS デバイス出力開始:[36ms]
2025/04/23 17:25:19.950 [INFO]     BASS_CONFIG_UpdatePeriod=5
2025/04/23 17:25:19.950 [INFO]     BASS_CONFIG_UpdateThreads=1
2025/04/23 17:25:19.950 [INFO]     Initializing loudness scanning, song gain control, and sound group level control...
2025/04/23 17:25:19.953 [INFO]         LoudnessMetadataScanner.StartBackgroundScanning: BS1770GAIN is not available. A background scanning thread will not be started.
2025/04/23 17:25:19.956 [INFO]     Initialized loudness scanning, song gain control, and sound group level control.
2025/04/23 17:25:19.969 [INFO]     サウンドデバイスの初期化を完了しました。
2025/04/23 17:25:19.969 [INFO] Initializing song list...
2025/04/23 17:25:19.970 [INFO]     Song list initialized.
2025/04/23 17:25:20.312 [INFO] Application successfully started.
2025/04/23 17:25:20.313 [INFO] 起動ステージを活性化します。
2025/04/23 17:25:20.374 [INFO]     起動ステージの活性化を完了しました。
2025/04/23 17:25:20.374 [INFO] ----------------------
2025/04/23 17:25:20.374 [INFO] ■ Startup
2025/04/23 17:25:20.393 [INFO] 0) システムサウンドを構築します。
2025/04/23 17:25:20.393 [WARNING]     ファイルが存在しません。: Sounds/BGM/Setup.ogg
2025/04/23 17:25:20.395 [INFO]     システムサウンドを読み込みました。(Sounds/Cancel.ogg)
2025/04/23 17:25:20.395 [WARNING]     ファイルが存在しません。: Sounds/Audience.ogg
2025/04/23 17:25:20.395 [INFO]     システムサウンドを読み込みました。(Sounds/Audience.ogg)
2025/04/23 17:25:20.395 [WARNING]     ファイルが存在しません。: Sounds/Full combo.ogg
2025/04/23 17:25:20.395 [INFO]     システムサウンドを読み込みました。(Sounds/Full combo.ogg)
2025/04/23 17:25:20.395 [WARNING]     ファイルが存在しません。: Sounds/BGM/Title.ogg
2025/04/23 17:25:20.395 [INFO]     システムサウンドを読み込みました。(Sounds/BGM/Title.ogg)
2025/04/23 17:25:20.396 [INFO]     CSound.GroupLevel set: 90
2025/04/23 17:25:20.397 [INFO]     CSound.SetVolume: Gain:0. Automation Level: 0. Group Level: -0.9151498112135024. Summed Gain: -0.9151498112135024. Safe True Peak Gain: 0. Final Gain: -0.9151498112135024.
2025/04/23 17:25:20.398 [INFO]     CSound.GroupLevel set: 90
2025/04/23 17:25:20.398 [INFO]     CSound.SetVolume: Gain:0. Automation Level: 0. Group Level: -0.9151498112135024. Summed Gain: -0.9151498112135024. Safe True Peak Gain: 0. Final Gain: -0.9151498112135024.
2025/04/23 17:25:20.398 [INFO]     システムサウンドを読み込みました。(Sounds/BGM/SongSelect.ogg)
2025/04/23 17:25:20.398 [WARNING]     ファイルが存在しません。: Sounds/balloon.ogg
2025/04/23 17:25:20.398 [INFO]     システムサウンドを読み込みました。(Sounds/balloon.ogg)
2025/04/23 17:25:20.418 [INFO]     システムサウンドを読み込みました。(Sounds/SongDecide.ogg)
2025/04/23 17:25:20.418 [WARNING]     ファイルが存在しません。: Sounds/BGM/Result_In.ogg
2025/04/23 17:25:20.418 [INFO]     システムサウンドを読み込みました。(Sounds/BGM/Result_In.ogg)
2025/04/23 17:25:20.419 [INFO] 起動所要時間: 00:00:00.0250632
2025/04/23 17:25:20.561 [WARNING] Could not find specified texture file. (/home/blu/Downloads/OpenTaiko-Hub/OpenTaiko/System/Open-World Memories/Graphics/Overlay.png)
2025/04/23 17:25:20.874 [WARNING] Could not find specified texture file. (/home/blu/Downloads/OpenTaiko-Hub/OpenTaiko/System/Open-World Memories/Graphics/1_Title/ModeSelect_Bar_Chara_8.png)
2025/04/23 17:25:20.874 [WARNING] Could not find specified texture file. (/home/blu/Downloads/OpenTaiko-Hub/OpenTaiko/System/Open-World Memories/Graphics/1_Title/ModeSelect_Bar_Chara_9.png)
2025/04/23 17:25:20.874 [WARNING] Could not find specified texture file. (/home/blu/Downloads/OpenTaiko-Hub/OpenTaiko/System/Open-World Memories/Graphics/1_Title/ModeSelect_Bar_Chara_10.png)
2025/04/23 17:25:20.874 [WARNING] Could not find specified texture file. (/home/blu/Downloads/OpenTaiko-Hub/OpenTaiko/System/Open-World Memories/Graphics/1_Title/ModeSelect_Bar_Chara_11.png)
2025/04/23 17:25:20.875 [WARNING] Could not find specified texture file. (/home/blu/Downloads/OpenTaiko-Hub/OpenTaiko/System/Open-World Memories/Graphics/1_Title/ModeSelect_Bar_Chara_12.png)
2025/04/23 17:25:20.875 [WARNING] Could not find specified texture file. (/home/blu/Downloads/OpenTaiko-Hub/OpenTaiko/System/Open-World Memories/Graphics/1_Title/ModeSelect_Bar_Chara_13.png)
2025/04/23 17:25:20.963 [WARNING] Could not find specified texture file. (/home/blu/Downloads/OpenTaiko-Hub/OpenTaiko/System/Open-World Memories/Graphics/3_SongSelect/Footer.png)
2025/04/23 17:25:20.972 [WARNING] Could not find specified texture file. (/home/blu/Downloads/OpenTaiko-Hub/OpenTaiko/System/Open-World Memories/Graphics/3_SongSelect/Level.png)
2025/04/23 17:25:20.975 [WARNING] Could not find specified texture file. (/home/blu/Downloads/OpenTaiko-Hub/OpenTaiko/System/Open-World Memories/Graphics/3_SongSelect/Bar_Center.png)
2025/04/23 17:25:21.012 [WARNING] Could not find specified texture file. (/home/blu/Downloads/OpenTaiko-Hub/OpenTaiko/System/Open-World Memories/Graphics/3_SongSelect/Frame_Score_Dan.png)
2025/04/23 17:25:21.014 [WARNING] Could not find specified texture file. (/home/blu/Downloads/OpenTaiko-Hub/OpenTaiko/System/Open-World Memories/Graphics/3_SongSelect/Frame_Box.png)
2025/04/23 17:25:21.014 [WARNING] Could not find specified texture file. (/home/blu/Downloads/OpenTaiko-Hub/OpenTaiko/System/Open-World Memories/Graphics/3_SongSelect/Frame_BackBox.png)
2025/04/23 17:25:21.014 [WARNING] Could not find specified texture file. (/home/blu/Downloads/OpenTaiko-Hub/OpenTaiko/System/Open-World Memories/Graphics/3_SongSelect/Frame_Random.png)
2025/04/23 17:25:21.023 [WARNING] Could not find specified texture file. (/home/blu/Downloads/OpenTaiko-Hub/OpenTaiko/System/Open-World Memories/Graphics/3_SongSelect/Bar_Genre_RecentryPlaySong.png)
2025/04/23 17:25:21.037 [WARNING] Could not find specified texture file. (/home/blu/Downloads/OpenTaiko-Hub/OpenTaiko/System/Open-World Memories/Graphics/3_SongSelect/Bpm_Number.png)
2025/04/23 17:25:21.146 [WARNING] Could not find specified texture file. (/home/blu/Downloads/OpenTaiko-Hub/OpenTaiko/System/Open-World Memories/Graphics/3_SongSelect/ScoreWindow_0.png)
2025/04/23 17:25:21.146 [WARNING] Could not find specified texture file. (/home/blu/Downloads/OpenTaiko-Hub/OpenTaiko/System/Open-World Memories/Graphics/3_SongSelect/ScoreWindow_1.png)
2025/04/23 17:25:21.146 [WARNING] Could not find specified texture file. (/home/blu/Downloads/OpenTaiko-Hub/OpenTaiko/System/Open-World Memories/Graphics/3_SongSelect/ScoreWindow_2.png)
2025/04/23 17:25:21.146 [WARNING] Could not find specified texture file. (/home/blu/Downloads/OpenTaiko-Hub/OpenTaiko/System/Open-World Memories/Graphics/3_SongSelect/ScoreWindow_3.png)
2025/04/23 17:25:21.146 [WARNING] Could not find specified texture file. (/home/blu/Downloads/OpenTaiko-Hub/OpenTaiko/System/Open-World Memories/Graphics/3_SongSelect/ScoreWindow_4.png)
2025/04/23 17:25:21.147 [WARNING] Could not find specified texture file. (/home/blu/Downloads/OpenTaiko-Hub/OpenTaiko/System/Open-World Memories/Graphics/3_SongSelect/ScoreWindow_5.png)
2025/04/23 17:25:21.147 [WARNING] Could not find specified texture file. (/home/blu/Downloads/OpenTaiko-Hub/OpenTaiko/System/Open-World Memories/Graphics/3_SongSelect/ScoreWindow_6.png)
2025/04/23 17:25:21.147 [WARNING] Could not find specified texture file. (/home/blu/Downloads/OpenTaiko-Hub/OpenTaiko/System/Open-World Memories/Graphics/3_SongSelect/ScoreWindow_Text.png)
2025/04/23 17:25:23.218 [WARNING] Could not find specified texture file. (/home/blu/Downloads/OpenTaiko-Hub/OpenTaiko/System/Open-World Memories/Graphics/5_Game/Adlib.png)
2025/04/23 17:25:23.413 [WARNING] Could not find specified texture file. (/home/blu/Downloads/OpenTaiko-Hub/OpenTaiko/System/Open-World Memories/Graphics/5_Game/6_Taiko/1P_PlayerNumber.png)
2025/04/23 17:25:23.413 [WARNING] Could not find specified texture file. (/home/blu/Downloads/OpenTaiko-Hub/OpenTaiko/System/Open-World Memories/Graphics/5_Game/6_Taiko/2P_PlayerNumber.png)
2025/04/23 17:25:23.413 [WARNING] Could not find specified texture file. (/home/blu/Downloads/OpenTaiko-Hub/OpenTaiko/System/Open-World Memories/Graphics/5_Game/6_Taiko/3P_PlayerNumber.png)
2025/04/23 17:25:23.413 [WARNING] Could not find specified texture file. (/home/blu/Downloads/OpenTaiko-Hub/OpenTaiko/System/Open-World Memories/Graphics/5_Game/6_Taiko/4P_PlayerNumber.png)
2025/04/23 17:25:23.413 [WARNING] Could not find specified texture file. (/home/blu/Downloads/OpenTaiko-Hub/OpenTaiko/System/Open-World Memories/Graphics/5_Game/6_Taiko/5P_PlayerNumber.png)
2025/04/23 17:25:23.426 [WARNING] Could not find specified texture file. (/home/blu/Downloads/OpenTaiko-Hub/OpenTaiko/System/Open-World Memories/Graphics/5_Game/4_CourseSymbol/Easy_Back.png)
2025/04/23 17:25:23.426 [WARNING] Could not find specified texture file. (/home/blu/Downloads/OpenTaiko-Hub/OpenTaiko/System/Open-World Memories/Graphics/5_Game/4_CourseSymbol/Easy_Back_Flash.png)
2025/04/23 17:25:23.427 [WARNING] Could not find specified texture file. (/home/blu/Downloads/OpenTaiko-Hub/OpenTaiko/System/Open-World Memories/Graphics/5_Game/4_CourseSymbol/Normal_Back.png)
2025/04/23 17:25:23.427 [WARNING] Could not find specified texture file. (/home/blu/Downloads/OpenTaiko-Hub/OpenTaiko/System/Open-World Memories/Graphics/5_Game/4_CourseSymbol/Normal_Back_Flash.png)
2025/04/23 17:25:23.427 [WARNING] Could not find specified texture file. (/home/blu/Downloads/OpenTaiko-Hub/OpenTaiko/System/Open-World Memories/Graphics/5_Game/4_CourseSymbol/Hard_Back.png)
2025/04/23 17:25:23.427 [WARNING] Could not find specified texture file. (/home/blu/Downloads/OpenTaiko-Hub/OpenTaiko/System/Open-World Memories/Graphics/5_Game/4_CourseSymbol/Hard_Back_Flash.png)
2025/04/23 17:25:23.428 [WARNING] Could not find specified texture file. (/home/blu/Downloads/OpenTaiko-Hub/OpenTaiko/System/Open-World Memories/Graphics/5_Game/4_CourseSymbol/Oni_Back.png)
2025/04/23 17:25:23.428 [WARNING] Could not find specified texture file. (/home/blu/Downloads/OpenTaiko-Hub/OpenTaiko/System/Open-World Memories/Graphics/5_Game/4_CourseSymbol/Oni_Back_Flash.png)
2025/04/23 17:25:23.429 [WARNING] Could not find specified texture file. (/home/blu/Downloads/OpenTaiko-Hub/OpenTaiko/System/Open-World Memories/Graphics/5_Game/4_CourseSymbol/Edit_Back.png)
2025/04/23 17:25:23.429 [WARNING] Could not find specified texture file. (/home/blu/Downloads/OpenTaiko-Hub/OpenTaiko/System/Open-World Memories/Graphics/5_Game/4_CourseSymbol/Edit_Back_Flash.png)
2025/04/23 17:25:23.429 [WARNING] Could not find specified texture file. (/home/blu/Downloads/OpenTaiko-Hub/OpenTaiko/System/Open-World Memories/Graphics/5_Game/4_CourseSymbol/Tower.png)
2025/04/23 17:25:23.429 [WARNING] Could not find specified texture file. (/home/blu/Downloads/OpenTaiko-Hub/OpenTaiko/System/Open-World Memories/Graphics/5_Game/4_CourseSymbol/Tower_Back.png)
2025/04/23 17:25:23.429 [WARNING] Could not find specified texture file. (/home/blu/Downloads/OpenTaiko-Hub/OpenTaiko/System/Open-World Memories/Graphics/5_Game/4_CourseSymbol/Tower_Back_Flash.png)
2025/04/23 17:25:23.429 [WARNING] Could not find specified texture file. (/home/blu/Downloads/OpenTaiko-Hub/OpenTaiko/System/Open-World Memories/Graphics/5_Game/4_CourseSymbol/Dan.png)
2025/04/23 17:25:23.429 [WARNING] Could not find specified texture file. (/home/blu/Downloads/OpenTaiko-Hub/OpenTaiko/System/Open-World Memories/Graphics/5_Game/4_CourseSymbol/Dan_Back.png)
2025/04/23 17:25:23.429 [WARNING] Could not find specified texture file. (/home/blu/Downloads/OpenTaiko-Hub/OpenTaiko/System/Open-World Memories/Graphics/5_Game/4_CourseSymbol/Dan_Back_Flash.png)
2025/04/23 17:25:23.430 [WARNING] Could not find specified texture file. (/home/blu/Downloads/OpenTaiko-Hub/OpenTaiko/System/Open-World Memories/Graphics/5_Game/4_CourseSymbol/Shin.png)
2025/04/23 17:25:23.430 [WARNING] Could not find specified texture file. (/home/blu/Downloads/OpenTaiko-Hub/OpenTaiko/System/Open-World Memories/Graphics/5_Game/4_CourseSymbol/Shin_Back.png)
2025/04/23 17:25:23.430 [WARNING] Could not find specified texture file. (/home/blu/Downloads/OpenTaiko-Hub/OpenTaiko/System/Open-World Memories/Graphics/5_Game/4_CourseSymbol/Shin_Back_Flash.png)
2025/04/23 17:25:24.105 [WARNING] Could not find specified texture file. (/home/blu/Downloads/OpenTaiko-Hub/OpenTaiko/System/Open-World Memories/Graphics/5_Game/10_Effects/Hit/Great/0.png)
2025/04/23 17:25:24.105 [WARNING] Could not find specified texture file. (/home/blu/Downloads/OpenTaiko-Hub/OpenTaiko/System/Open-World Memories/Graphics/5_Game/10_Effects/Hit/Great_Big/0.png)
2025/04/23 17:25:24.105 [WARNING] Could not find specified texture file. (/home/blu/Downloads/OpenTaiko-Hub/OpenTaiko/System/Open-World Memories/Graphics/5_Game/10_Effects/Hit/Good/0.png)
2025/04/23 17:25:24.105 [WARNING] Could not find specified texture file. (/home/blu/Downloads/OpenTaiko-Hub/OpenTaiko/System/Open-World Memories/Graphics/5_Game/10_Effects/Hit/Good_Big/0.png)
2025/04/23 17:25:24.106 [WARNING] Could not find specified texture file. (/home/blu/Downloads/OpenTaiko-Hub/OpenTaiko/System/Open-World Memories/Graphics/5_Game/10_Effects/Hit/Great/1.png)
2025/04/23 17:25:24.106 [WARNING] Could not find specified texture file. (/home/blu/Downloads/OpenTaiko-Hub/OpenTaiko/System/Open-World Memories/Graphics/5_Game/10_Effects/Hit/Great_Big/1.png)
2025/04/23 17:25:24.106 [WARNING] Could not find specified texture file. (/home/blu/Downloads/OpenTaiko-Hub/OpenTaiko/System/Open-World Memories/Graphics/5_Game/10_Effects/Hit/Good/1.png)
2025/04/23 17:25:24.106 [WARNING] Could not find specified texture file. (/home/blu/Downloads/OpenTaiko-Hub/OpenTaiko/System/Open-World Memories/Graphics/5_Game/10_Effects/Hit/Good_Big/1.png)
2025/04/23 17:25:24.106 [WARNING] Could not find specified texture file. (/home/blu/Downloads/OpenTaiko-Hub/OpenTaiko/System/Open-World Memories/Graphics/5_Game/10_Effects/Hit/Great/2.png)
2025/04/23 17:25:24.106 [WARNING] Could not find specified texture file. (/home/blu/Downloads/OpenTaiko-Hub/OpenTaiko/System/Open-World Memories/Graphics/5_Game/10_Effects/Hit/Great_Big/2.png)
2025/04/23 17:25:24.106 [WARNING] Could not find specified texture file. (/home/blu/Downloads/OpenTaiko-Hub/OpenTaiko/System/Open-World Memories/Graphics/5_Game/10_Effects/Hit/Good/2.png)
2025/04/23 17:25:24.106 [WARNING] Could not find specified texture file. (/home/blu/Downloads/OpenTaiko-Hub/OpenTaiko/System/Open-World Memories/Graphics/5_Game/10_Effects/Hit/Good_Big/2.png)
2025/04/23 17:25:24.106 [WARNING] Could not find specified texture file. (/home/blu/Downloads/OpenTaiko-Hub/OpenTaiko/System/Open-World Memories/Graphics/5_Game/10_Effects/Hit/Great/3.png)
2025/04/23 17:25:24.106 [WARNING] Could not find specified texture file. (/home/blu/Downloads/OpenTaiko-Hub/OpenTaiko/System/Open-World Memories/Graphics/5_Game/10_Effects/Hit/Great_Big/3.png)
2025/04/23 17:25:24.106 [WARNING] Could not find specified texture file. (/home/blu/Downloads/OpenTaiko-Hub/OpenTaiko/System/Open-World Memories/Graphics/5_Game/10_Effects/Hit/Good/3.png)
2025/04/23 17:25:24.106 [WARNING] Could not find specified texture file. (/home/blu/Downloads/OpenTaiko-Hub/OpenTaiko/System/Open-World Memories/Graphics/5_Game/10_Effects/Hit/Good_Big/3.png)
2025/04/23 17:25:24.106 [WARNING] Could not find specified texture file. (/home/blu/Downloads/OpenTaiko-Hub/OpenTaiko/System/Open-World Memories/Graphics/5_Game/10_Effects/Hit/Great/4.png)
2025/04/23 17:25:24.106 [WARNING] Could not find specified texture file. (/home/blu/Downloads/OpenTaiko-Hub/OpenTaiko/System/Open-World Memories/Graphics/5_Game/10_Effects/Hit/Great_Big/4.png)
2025/04/23 17:25:24.106 [WARNING] Could not find specified texture file. (/home/blu/Downloads/OpenTaiko-Hub/OpenTaiko/System/Open-World Memories/Graphics/5_Game/10_Effects/Hit/Good/4.png)
2025/04/23 17:25:24.106 [WARNING] Could not find specified texture file. (/home/blu/Downloads/OpenTaiko-Hub/OpenTaiko/System/Open-World Memories/Graphics/5_Game/10_Effects/Hit/Good_Big/4.png)
2025/04/23 17:25:24.106 [WARNING] Could not find specified texture file. (/home/blu/Downloads/OpenTaiko-Hub/OpenTaiko/System/Open-World Memories/Graphics/5_Game/10_Effects/Hit/Great/5.png)
2025/04/23 17:25:24.106 [WARNING] Could not find specified texture file. (/home/blu/Downloads/OpenTaiko-Hub/OpenTaiko/System/Open-World Memories/Graphics/5_Game/10_Effects/Hit/Great_Big/5.png)
2025/04/23 17:25:24.106 [WARNING] Could not find specified texture file. (/home/blu/Downloads/OpenTaiko-Hub/OpenTaiko/System/Open-World Memories/Graphics/5_Game/10_Effects/Hit/Good/5.png)
2025/04/23 17:25:24.106 [WARNING] Could not find specified texture file. (/home/blu/Downloads/OpenTaiko-Hub/OpenTaiko/System/Open-World Memories/Graphics/5_Game/10_Effects/Hit/Good_Big/5.png)
2025/04/23 17:25:24.106 [WARNING] Could not find specified texture file. (/home/blu/Downloads/OpenTaiko-Hub/OpenTaiko/System/Open-World Memories/Graphics/5_Game/10_Effects/Hit/Great/6.png)
2025/04/23 17:25:24.106 [WARNING] Could not find specified texture file. (/home/blu/Downloads/OpenTaiko-Hub/OpenTaiko/System/Open-World Memories/Graphics/5_Game/10_Effects/Hit/Great_Big/6.png)
2025/04/23 17:25:24.106 [WARNING] Could not find specified texture file. (/home/blu/Downloads/OpenTaiko-Hub/OpenTaiko/System/Open-World Memories/Graphics/5_Game/10_Effects/Hit/Good/6.png)
2025/04/23 17:25:24.106 [WARNING] Could not find specified texture file. (/home/blu/Downloads/OpenTaiko-Hub/OpenTaiko/System/Open-World Memories/Graphics/5_Game/10_Effects/Hit/Good_Big/6.png)
2025/04/23 17:25:24.106 [WARNING] Could not find specified texture file. (/home/blu/Downloads/OpenTaiko-Hub/OpenTaiko/System/Open-World Memories/Graphics/5_Game/10_Effects/Hit/Great/7.png)
2025/04/23 17:25:24.106 [WARNING] Could not find specified texture file. (/home/blu/Downloads/OpenTaiko-Hub/OpenTaiko/System/Open-World Memories/Graphics/5_Game/10_Effects/Hit/Great_Big/7.png)
2025/04/23 17:25:24.106 [WARNING] Could not find specified texture file. (/home/blu/Downloads/OpenTaiko-Hub/OpenTaiko/System/Open-World Memories/Graphics/5_Game/10_Effects/Hit/Good/7.png)
2025/04/23 17:25:24.106 [WARNING] Could not find specified texture file. (/home/blu/Downloads/OpenTaiko-Hub/OpenTaiko/System/Open-World Memories/Graphics/5_Game/10_Effects/Hit/Good_Big/7.png)
2025/04/23 17:25:24.106 [WARNING] Could not find specified texture file. (/home/blu/Downloads/OpenTaiko-Hub/OpenTaiko/System/Open-World Memories/Graphics/5_Game/10_Effects/Hit/Great/8.png)
2025/04/23 17:25:24.106 [WARNING] Could not find specified texture file. (/home/blu/Downloads/OpenTaiko-Hub/OpenTaiko/System/Open-World Memories/Graphics/5_Game/10_Effects/Hit/Great_Big/8.png)
2025/04/23 17:25:24.106 [WARNING] Could not find specified texture file. (/home/blu/Downloads/OpenTaiko-Hub/OpenTaiko/System/Open-World Memories/Graphics/5_Game/10_Effects/Hit/Good/8.png)
2025/04/23 17:25:24.107 [WARNING] Could not find specified texture file. (/home/blu/Downloads/OpenTaiko-Hub/OpenTaiko/System/Open-World Memories/Graphics/5_Game/10_Effects/Hit/Good_Big/8.png)
2025/04/23 17:25:24.107 [WARNING] Could not find specified texture file. (/home/blu/Downloads/OpenTaiko-Hub/OpenTaiko/System/Open-World Memories/Graphics/5_Game/10_Effects/Hit/Great/9.png)
2025/04/23 17:25:24.107 [WARNING] Could not find specified texture file. (/home/blu/Downloads/OpenTaiko-Hub/OpenTaiko/System/Open-World Memories/Graphics/5_Game/10_Effects/Hit/Great_Big/9.png)
2025/04/23 17:25:24.107 [WARNING] Could not find specified texture file. (/home/blu/Downloads/OpenTaiko-Hub/OpenTaiko/System/Open-World Memories/Graphics/5_Game/10_Effects/Hit/Good/9.png)
2025/04/23 17:25:24.107 [WARNING] Could not find specified texture file. (/home/blu/Downloads/OpenTaiko-Hub/OpenTaiko/System/Open-World Memories/Graphics/5_Game/10_Effects/Hit/Good_Big/9.png)
2025/04/23 17:25:24.107 [WARNING] Could not find specified texture file. (/home/blu/Downloads/OpenTaiko-Hub/OpenTaiko/System/Open-World Memories/Graphics/5_Game/10_Effects/Hit/Great/10.png)
2025/04/23 17:25:24.107 [WARNING] Could not find specified texture file. (/home/blu/Downloads/OpenTaiko-Hub/OpenTaiko/System/Open-World Memories/Graphics/5_Game/10_Effects/Hit/Great_Big/10.png)
2025/04/23 17:25:24.107 [WARNING] Could not find specified texture file. (/home/blu/Downloads/OpenTaiko-Hub/OpenTaiko/System/Open-World Memories/Graphics/5_Game/10_Effects/Hit/Good/10.png)
2025/04/23 17:25:24.107 [WARNING] Could not find specified texture file. (/home/blu/Downloads/OpenTaiko-Hub/OpenTaiko/System/Open-World Memories/Graphics/5_Game/10_Effects/Hit/Good_Big/10.png)
2025/04/23 17:25:24.107 [WARNING] Could not find specified texture file. (/home/blu/Downloads/OpenTaiko-Hub/OpenTaiko/System/Open-World Memories/Graphics/5_Game/10_Effects/Hit/Great/11.png)
2025/04/23 17:25:24.107 [WARNING] Could not find specified texture file. (/home/blu/Downloads/OpenTaiko-Hub/OpenTaiko/System/Open-World Memories/Graphics/5_Game/10_Effects/Hit/Great_Big/11.png)
2025/04/23 17:25:24.107 [WARNING] Could not find specified texture file. (/home/blu/Downloads/OpenTaiko-Hub/OpenTaiko/System/Open-World Memories/Graphics/5_Game/10_Effects/Hit/Good/11.png)
2025/04/23 17:25:24.107 [WARNING] Could not find specified texture file. (/home/blu/Downloads/OpenTaiko-Hub/OpenTaiko/System/Open-World Memories/Graphics/5_Game/10_Effects/Hit/Good_Big/11.png)
2025/04/23 17:25:24.107 [WARNING] Could not find specified texture file. (/home/blu/Downloads/OpenTaiko-Hub/OpenTaiko/System/Open-World Memories/Graphics/5_Game/10_Effects/Hit/Great/12.png)
2025/04/23 17:25:24.107 [WARNING] Could not find specified texture file. (/home/blu/Downloads/OpenTaiko-Hub/OpenTaiko/System/Open-World Memories/Graphics/5_Game/10_Effects/Hit/Great_Big/12.png)
2025/04/23 17:25:24.107 [WARNING] Could not find specified texture file. (/home/blu/Downloads/OpenTaiko-Hub/OpenTaiko/System/Open-World Memories/Graphics/5_Game/10_Effects/Hit/Good/12.png)
2025/04/23 17:25:24.107 [WARNING] Could not find specified texture file. (/home/blu/Downloads/OpenTaiko-Hub/OpenTaiko/System/Open-World Memories/Graphics/5_Game/10_Effects/Hit/Good_Big/12.png)
2025/04/23 17:25:24.107 [WARNING] Could not find specified texture file. (/home/blu/Downloads/OpenTaiko-Hub/OpenTaiko/System/Open-World Memories/Graphics/5_Game/10_Effects/Hit/Great/13.png)
2025/04/23 17:25:24.107 [WARNING] Could not find specified texture file. (/home/blu/Downloads/OpenTaiko-Hub/OpenTaiko/System/Open-World Memories/Graphics/5_Game/10_Effects/Hit/Great_Big/13.png)
2025/04/23 17:25:24.107 [WARNING] Could not find specified texture file. (/home/blu/Downloads/OpenTaiko-Hub/OpenTaiko/System/Open-World Memories/Graphics/5_Game/10_Effects/Hit/Good/13.png)
2025/04/23 17:25:24.107 [WARNING] Could not find specified texture file. (/home/blu/Downloads/OpenTaiko-Hub/OpenTaiko/System/Open-World Memories/Graphics/5_Game/10_Effects/Hit/Good_Big/13.png)
2025/04/23 17:25:24.107 [WARNING] Could not find specified texture file. (/home/blu/Downloads/OpenTaiko-Hub/OpenTaiko/System/Open-World Memories/Graphics/5_Game/10_Effects/Hit/Great/14.png)
2025/04/23 17:25:24.107 [WARNING] Could not find specified texture file. (/home/blu/Downloads/OpenTaiko-Hub/OpenTaiko/System/Open-World Memories/Graphics/5_Game/10_Effects/Hit/Great_Big/14.png)
2025/04/23 17:25:24.107 [WARNING] Could not find specified texture file. (/home/blu/Downloads/OpenTaiko-Hub/OpenTaiko/System/Open-World Memories/Graphics/5_Game/10_Effects/Hit/Good/14.png)
2025/04/23 17:25:24.107 [WARNING] Could not find specified texture file. (/home/blu/Downloads/OpenTaiko-Hub/OpenTaiko/System/Open-World Memories/Graphics/5_Game/10_Effects/Hit/Good_Big/14.png)
2025/04/23 17:25:24.161 [WARNING] Could not find specified texture file. (/home/blu/Downloads/OpenTaiko-Hub/OpenTaiko/System/Open-World Memories/Graphics/5_Game/12_Lane/Clap.png)
2025/04/23 17:25:24.229 [WARNING] Could not find specified texture file. (/home/blu/Downloads/OpenTaiko-Hub/OpenTaiko/System/Open-World Memories/Graphics/5_Game/17_DanC/Gauge_Flush.png)
2025/04/23 17:25:24.254 [WARNING] Could not find specified texture file. (/home/blu/Downloads/OpenTaiko-Hub/OpenTaiko/System/Open-World Memories/Graphics/5_Game/17_DanC/ExamUnit.png)
2025/04/23 17:25:24.264 [WARNING] Could not find specified texture file. (/home/blu/Downloads/OpenTaiko-Hub/OpenTaiko/Global/PuchiChara/00 - None/Chara.png)
2025/04/23 17:25:24.264 [WARNING] Could not find specified texture file. (/home/blu/Downloads/OpenTaiko-Hub/OpenTaiko/Global/PuchiChara/00 - None/Render.png)
2025/04/23 17:25:24.269 [WARNING] Could not find specified texture file. (/home/blu/Downloads/OpenTaiko-Hub/OpenTaiko/Global/PuchiChara/01a - OpenTaiko-Kun/Render.png)
2025/04/23 17:25:24.275 [WARNING] Could not find specified texture file. (/home/blu/Downloads/OpenTaiko-Hub/OpenTaiko/Global/PuchiChara/01b - OpenTaiko-Kun (Violet Edition)/Render.png)
2025/04/23 17:25:24.279 [WARNING] Could not find specified texture file. (/home/blu/Downloads/OpenTaiko-Hub/OpenTaiko/Global/PuchiChara/01c - OpenTaiko-Kun (Rich Edition)/Render.png)
2025/04/23 17:25:24.281 [WARNING] Could not find specified texture file. (/home/blu/Downloads/OpenTaiko-Hub/OpenTaiko/Global/PuchiChara/01d - OpenTaiko-Kun (Glass Edition)/Render.png)
2025/04/23 17:25:24.284 [WARNING] Could not find specified texture file. (/home/blu/Downloads/OpenTaiko-Hub/OpenTaiko/Global/PuchiChara/01e - OpenTaiKO-Kun & OpenTaiKO-Chan/Render.png)
2025/04/23 17:25:24.288 [WARNING] Could not find specified texture file. (/home/blu/Downloads/OpenTaiko-Hub/OpenTaiko/Global/PuchiChara/02 - Bol/Render.png)
2025/04/23 17:25:24.291 [WARNING] Could not find specified texture file. (/home/blu/Downloads/OpenTaiko-Hub/OpenTaiko/Global/PuchiChara/C01 - Tinyfox/Render.png)
2025/04/23 17:25:24.293 [WARNING] Could not find specified texture file. (/home/blu/Downloads/OpenTaiko-Hub/OpenTaiko/Global/PuchiChara/C02 - Tinyfox (Dark)/Render.png)
2025/04/23 17:25:24.296 [WARNING] Could not find specified texture file. (/home/blu/Downloads/OpenTaiko-Hub/OpenTaiko/Global/PuchiChara/D01 - Dashy/Render.png)
2025/04/23 17:25:24.299 [WARNING] Could not find specified texture file. (/home/blu/Downloads/OpenTaiko-Hub/OpenTaiko/Global/PuchiChara/D02 - Dashy Lost/Render.png)
2025/04/23 17:25:24.302 [WARNING] Could not find specified texture file. (/home/blu/Downloads/OpenTaiko-Hub/OpenTaiko/Global/PuchiChara/E01 - Student A (3D)/Render.png)
2025/04/23 17:25:24.603 [WARNING] Could not find specified texture file. (/home/blu/Downloads/OpenTaiko-Hub/OpenTaiko/System/Open-World Memories/Graphics/6_Result/Dan.png)
2025/04/23 17:25:24.767 [WARNING] Could not find specified texture file. (/home/blu/Downloads/OpenTaiko-Hub/OpenTaiko/System/Open-World Memories/Graphics/6_Result/Crown/Crown_0.png)
2025/04/23 17:25:24.767 [WARNING] Could not find specified texture file. (/home/blu/Downloads/OpenTaiko-Hub/OpenTaiko/System/Open-World Memories/Graphics/6_Result/Crown/Crown_1.png)
2025/04/23 17:25:24.767 [WARNING] Could not find specified texture file. (/home/blu/Downloads/OpenTaiko-Hub/OpenTaiko/System/Open-World Memories/Graphics/6_Result/Crown/Crown_2.png)
2025/04/23 17:25:25.183 [WARNING] Could not find specified texture file. (/home/blu/Downloads/OpenTaiko-Hub/OpenTaiko/Global/Characters/00 - None/Normal/0.png)
2025/04/23 17:25:25.183 [WARNING] Could not find specified texture file. (/home/blu/Downloads/OpenTaiko-Hub/OpenTaiko/Global/Characters/00 - None/Render.png)
2025/04/23 17:25:25.183 [WARNING] Could not find specified texture file. (/home/blu/Downloads/OpenTaiko-Hub/OpenTaiko/Global/Characters/00 - None/Result_Clear_1P.png)
2025/04/23 17:25:25.183 [WARNING] Could not find specified texture file. (/home/blu/Downloads/OpenTaiko-Hub/OpenTaiko/Global/Characters/00 - None/Result_Failed_1P.png)
2025/04/23 17:25:25.183 [WARNING] Could not find specified texture file. (/home/blu/Downloads/OpenTaiko-Hub/OpenTaiko/Global/Characters/00 - None/Result_Clear_2P.png)
2025/04/23 17:25:25.183 [WARNING] Could not find specified texture file. (/home/blu/Downloads/OpenTaiko-Hub/OpenTaiko/Global/Characters/00 - None/Result_Failed_2P.png)
2025/04/23 17:25:25.223 [WARNING] Could not find specified texture file. (/home/blu/Downloads/OpenTaiko-Hub/OpenTaiko/Global/Characters/01 - Template/Result_Clear_1P.png)
2025/04/23 17:25:25.223 [WARNING] Could not find specified texture file. (/home/blu/Downloads/OpenTaiko-Hub/OpenTaiko/Global/Characters/01 - Template/Result_Failed_1P.png)
2025/04/23 17:25:25.223 [WARNING] Could not find specified texture file. (/home/blu/Downloads/OpenTaiko-Hub/OpenTaiko/Global/Characters/01 - Template/Result_Clear_2P.png)
2025/04/23 17:25:25.224 [WARNING] Could not find specified texture file. (/home/blu/Downloads/OpenTaiko-Hub/OpenTaiko/Global/Characters/01 - Template/Result_Failed_2P.png)
2025/04/23 17:25:25.251 [WARNING] Could not find specified texture file. (/home/blu/Downloads/OpenTaiko-Hub/OpenTaiko/Global/Characters/02 - Student (A)/Result_Clear_1P.png)
2025/04/23 17:25:25.251 [WARNING] Could not find specified texture file. (/home/blu/Downloads/OpenTaiko-Hub/OpenTaiko/Global/Characters/02 - Student (A)/Result_Failed_1P.png)
2025/04/23 17:25:25.251 [WARNING] Could not find specified texture file. (/home/blu/Downloads/OpenTaiko-Hub/OpenTaiko/Global/Characters/02 - Student (A)/Result_Clear_2P.png)
2025/04/23 17:25:25.251 [WARNING] Could not find specified texture file. (/home/blu/Downloads/OpenTaiko-Hub/OpenTaiko/Global/Characters/02 - Student (A)/Result_Failed_2P.png)
2025/04/23 17:25:25.278 [WARNING] Could not find specified texture file. (/home/blu/Downloads/OpenTaiko-Hub/OpenTaiko/Global/Characters/02v2 - Student (A)/Result_Clear_1P.png)
2025/04/23 17:25:25.278 [WARNING] Could not find specified texture file. (/home/blu/Downloads/OpenTaiko-Hub/OpenTaiko/Global/Characters/02v2 - Student (A)/Result_Failed_1P.png)
2025/04/23 17:25:25.278 [WARNING] Could not find specified texture file. (/home/blu/Downloads/OpenTaiko-Hub/OpenTaiko/Global/Characters/02v2 - Student (A)/Result_Clear_2P.png)
2025/04/23 17:25:25.278 [WARNING] Could not find specified texture file. (/home/blu/Downloads/OpenTaiko-Hub/OpenTaiko/Global/Characters/02v2 - Student (A)/Result_Failed_2P.png)
2025/04/23 17:25:25.303 [WARNING] Could not find specified texture file. (/home/blu/Downloads/OpenTaiko-Hub/OpenTaiko/Global/Characters/03 - Student (B)/Result_Clear_1P.png)
2025/04/23 17:25:25.303 [WARNING] Could not find specified texture file. (/home/blu/Downloads/OpenTaiko-Hub/OpenTaiko/Global/Characters/03 - Student (B)/Result_Failed_1P.png)
2025/04/23 17:25:25.303 [WARNING] Could not find specified texture file. (/home/blu/Downloads/OpenTaiko-Hub/OpenTaiko/Global/Characters/03 - Student (B)/Result_Clear_2P.png)
2025/04/23 17:25:25.303 [WARNING] Could not find specified texture file. (/home/blu/Downloads/OpenTaiko-Hub/OpenTaiko/Global/Characters/03 - Student (B)/Result_Failed_2P.png)
2025/04/23 17:25:25.310 [WARNING] Could not find specified texture file. (/home/blu/Downloads/OpenTaiko-Hub/OpenTaiko/Global/Characters/04 - Kuro/Render.png)
2025/04/23 17:25:25.310 [WARNING] Could not find specified texture file. (/home/blu/Downloads/OpenTaiko-Hub/OpenTaiko/Global/Characters/04 - Kuro/Result_Clear_1P.png)
2025/04/23 17:25:25.310 [WARNING] Could not find specified texture file. (/home/blu/Downloads/OpenTaiko-Hub/OpenTaiko/Global/Characters/04 - Kuro/Result_Failed_1P.png)
2025/04/23 17:25:25.310 [WARNING] Could not find specified texture file. (/home/blu/Downloads/OpenTaiko-Hub/OpenTaiko/Global/Characters/04 - Kuro/Result_Clear_2P.png)
2025/04/23 17:25:25.310 [WARNING] Could not find specified texture file. (/home/blu/Downloads/OpenTaiko-Hub/OpenTaiko/Global/Characters/04 - Kuro/Result_Failed_2P.png)
2025/04/23 17:25:25.343 [WARNING] Could not find specified texture file. (/home/blu/Downloads/OpenTaiko-Hub/OpenTaiko/Global/Characters/05 - Aoi/Result_Clear_1P.png)
2025/04/23 17:25:25.343 [WARNING] Could not find specified texture file. (/home/blu/Downloads/OpenTaiko-Hub/OpenTaiko/Global/Characters/05 - Aoi/Result_Failed_1P.png)
2025/04/23 17:25:25.344 [WARNING] Could not find specified texture file. (/home/blu/Downloads/OpenTaiko-Hub/OpenTaiko/Global/Characters/05 - Aoi/Result_Clear_2P.png)
2025/04/23 17:25:25.344 [WARNING] Could not find specified texture file. (/home/blu/Downloads/OpenTaiko-Hub/OpenTaiko/Global/Characters/05 - Aoi/Result_Failed_2P.png)
2025/04/23 17:25:25.371 [WARNING] Could not find specified texture file. (/home/blu/Downloads/OpenTaiko-Hub/OpenTaiko/Global/Characters/10 - AItritus/Result_Clear_1P.png)
2025/04/23 17:25:25.371 [WARNING] Could not find specified texture file. (/home/blu/Downloads/OpenTaiko-Hub/OpenTaiko/Global/Characters/10 - AItritus/Result_Failed_1P.png)
2025/04/23 17:25:25.372 [WARNING] Could not find specified texture file. (/home/blu/Downloads/OpenTaiko-Hub/OpenTaiko/Global/Characters/10 - AItritus/Result_Clear_2P.png)
2025/04/23 17:25:25.372 [WARNING] Could not find specified texture file. (/home/blu/Downloads/OpenTaiko-Hub/OpenTaiko/Global/Characters/10 - AItritus/Result_Failed_2P.png)
2025/04/23 17:25:25.458 [WARNING] The requested font 'Droid Sans Fallback' could not be found from a file or font family name. Falling back to SkiaSharp's default typeface.
2025/04/23 17:25:25.467 [WARNING] Could not find specified texture file. (/home/blu/Downloads/OpenTaiko-Hub/OpenTaiko/System/Open-World Memories/Graphics/Screen option panels.png)
2025/04/23 17:25:25.468 [WARNING] The requested font 'Droid Sans Fallback' could not be found from a file or font family name. Falling back to SkiaSharp's default typeface.
2025/04/23 17:25:25.468 [WARNING] Could not find specified texture file. (/home/blu/Downloads/OpenTaiko-Hub/OpenTaiko/System/Open-World Memories/Graphics/Screen option panels.png)
2025/04/23 17:25:25.474 [WARNING] The requested font 'Arial' could not be found from a file or font family name. Falling back to SkiaSharp's default typeface.
2025/04/23 17:25:25.478 [WARNING] The requested font 'Droid Sans Fallback' could not be found from a file or font family name. Falling back to SkiaSharp's default typeface.
2025/04/23 17:25:25.478 [WARNING] Could not find specified texture file. (/home/blu/Downloads/OpenTaiko-Hub/OpenTaiko/System/Open-World Memories/Graphics/5_information_BG.png)
2025/04/23 17:25:25.478 [WARNING] Could not find specified texture file. (/home/blu/Downloads/OpenTaiko-Hub/OpenTaiko/System/Open-World Memories/Graphics/5_information.png)
2025/04/23 17:25:25.478 [WARNING] Could not find specified texture file. (/home/blu/Downloads/OpenTaiko-Hub/OpenTaiko/System/Open-World Memories/Graphics/5_information2.png)
2025/04/23 17:25:25.479 [WARNING] The requested font 'Arial' could not be found from a file or font family name. Falling back to SkiaSharp's default typeface.
2025/04/23 17:25:25.489 [WARNING] [i18n] File does not exist: /home/blu/Downloads/OpenTaiko-Hub/OpenTaiko/System/Open-World Memories/Sounds/Tower/Tower_Dropout.ogg
2025/04/23 17:25:25.489 [WARNING] [i18n] File does not exist: /home/blu/Downloads/OpenTaiko-Hub/OpenTaiko/System/Open-World Memories/Sounds/Tower/Tower_TopReached_Pass.ogg
2025/04/23 17:25:25.489 [WARNING] [i18n] File does not exist: /home/blu/Downloads/OpenTaiko-Hub/OpenTaiko/System/Open-World Memories/Sounds/Tower/Tower_TopReached_FullCombo.ogg
2025/04/23 17:25:25.489 [WARNING] [i18n] File does not exist: /home/blu/Downloads/OpenTaiko-Hub/OpenTaiko/System/Open-World Memories/Sounds/Tower/Tower_TopReached_Perfect.ogg
2025/04/23 17:25:25.493 [WARNING] [i18n] File does not exist: /home/blu/Downloads/OpenTaiko-Hub/OpenTaiko/System/Open-World Memories/Sounds/AIBattle_Lose.ogg
2025/04/23 17:25:25.493 [WARNING] [i18n] File does not exist: /home/blu/Downloads/OpenTaiko-Hub/OpenTaiko/System/Open-World Memories/Sounds/AIBattle_Win.ogg
2025/04/23 17:25:25.493 [WARNING] [i18n] File does not exist: /home/blu/Downloads/OpenTaiko-Hub/OpenTaiko/System/Open-World Memories/Sounds/AIBattle_Win_FullCombo.ogg
2025/04/23 17:25:25.493 [WARNING] [i18n] File does not exist: /home/blu/Downloads/OpenTaiko-Hub/OpenTaiko/System/Open-World Memories/Sounds/AIBattle_Win_AllPerfect.ogg
2025/04/23 17:25:25.519 [WARNING] Could not find specified texture file. (/home/blu/Downloads/OpenTaiko-Hub/OpenTaiko/System/Open-World Memories/Graphics/Screen option panels.png)
q